TN:
SF:src/application/use-cases/GetCharacterUseCase.ts
FN:6,(anonymous_0)
FN:11,(anonymous_1)
FN:15,(anonymous_2)
FNF:3
FNH:3
FNDA:3,(anonymous_0)
FNDA:1,(anonymous_1)
FNDA:2,(anonymous_2)
DA:5,1
DA:7,3
DA:8,3
DA:12,1
DA:21,2
DA:22,2
DA:29,1
DA:37,1
DA:39,1
DA:48,1
LF:10
LH:10
BRF:0
BRH:0
end_of_record
TN:
SF:src/domain/constants/constants.ts
FN:9,(anonymous_0)
FNF:1
FNH:1
FNDA:1,(anonymous_0)
DA:4,1
DA:9,1
DA:10,1
DA:11,1
DA:12,1
DA:13,1
DA:14,1
DA:15,1
DA:18,1
LF:9
LH:9
BRDA:9,0,0,1
BRDA:9,0,1,1
BRF:2
BRH:2
end_of_record
TN:
SF:src/domain/errors/AppError.ts
FN:4,(anonymous_0)
FNF:1
FNH:0
FNDA:0,(anonymous_0)
DA:3,1
DA:5,0
DA:8,0
DA:9,0
LF:4
LH:1
BRF:0
BRH:0
end_of_record
TN:
SF:src/infrastructure/adapters/DigimonApiAdapter.ts
FN:6,(anonymous_1)
FN:29,(anonymous_2)
FN:31,(anonymous_3)
FN:35,(anonymous_4)
FNF:4
FNH:3
FNDA:3,(anonymous_1)
FNDA:0,(anonymous_2)
FNDA:3,(anonymous_3)
FNDA:3,(anonymous_4)
DA:1,1
DA:5,1
DA:12,3
DA:13,3
DA:14,0
DA:17,3
DA:18,0
DA:21,3
DA:22,2
DA:24,2
DA:25,0
DA:28,2
DA:29,0
DA:31,3
DA:34,2
DA:35,3
DA:38,2
DA:45,1
DA:46,0
DA:48,1
LF:20
LH:15
BRDA:13,0,0,0
BRDA:17,1,0,0
BRDA:24,2,0,0
BRDA:24,3,0,2
BRDA:24,3,1,2
BRDA:28,4,0,0
BRDA:28,4,1,2
BRDA:30,5,0,2
BRDA:30,5,1,0
BRDA:34,6,0,2
BRDA:34,6,1,0
BRDA:35,7,0,3
BRDA:35,7,1,3
BRDA:45,8,0,0
BRF:14
BRH:7
end_of_record
TN:
SF:src/infrastructure/adapters/PokemonApiAdapter.ts
FN:6,(anonymous_1)
FN:44,(anonymous_2)
FN:55,(anonymous_3)
FNF:3
FNH:3
FNDA:3,(anonymous_1)
FNDA:4,(anonymous_2)
FNDA:1,(anonymous_3)
DA:1,1
DA:5,1
DA:12,3
DA:13,3
DA:14,0
DA:17,3
DA:18,0
DA:21,3
DA:22,2
DA:24,2
DA:25,0
DA:28,2
DA:29,2
DA:30,2
DA:33,2
DA:34,1
DA:35,1
DA:38,0
DA:41,2
DA:44,4
DA:48,1
DA:49,0
DA:51,1
DA:56,1
DA:57,1
DA:59,1
DA:60,1
DA:61,1
DA:64,1
LF:29
LH:24
BRDA:13,0,0,0
BRDA:17,1,0,0
BRDA:24,2,0,0
BRDA:24,3,0,2
BRDA:24,3,1,2
BRDA:30,4,0,2
BRDA:30,4,1,1
BRDA:30,4,2,0
BRDA:33,5,0,1
BRDA:48,6,0,0
BRDA:59,7,0,2
BRDA:59,7,1,2
BRF:12
BRH:7
end_of_record
TN:
SF:src/infrastructure/adapters/SqliteRequestLogRepository.ts
FN:9,(anonymous_0)
FN:19,(anonymous_1)
FN:23,(anonymous_2)
FNF:3
FNH:0
FNDA:0,(anonymous_0)
FNDA:0,(anonymous_1)
FNDA:0,(anonymous_2)
DA:1,0
DA:4,0
DA:6,0
DA:10,0
DA:20,0
DA:24,0
DA:25,0
DA:26,0
DA:27,0
LF:9
LH:0
BRF:0
BRH:0
end_of_record
TN:
SF:src/infrastructure/controllers/CharacterController.ts
FN:7,(anonymous_0)
FN:9,(anonymous_1)
FN:15,(anonymous_2)
FN:31,(anonymous_3)
FNF:4
FNH:4
FNDA:3,(anonymous_0)
FNDA:2,(anonymous_1)
FNDA:2,(anonymous_2)
FNDA:3,(anonymous_3)
DA:3,1
DA:4,1
DA:6,1
DA:7,3
DA:10,2
DA:11,0
DA:14,2
DA:15,2
DA:16,0
DA:19,2
DA:20,0
DA:22,2
DA:23,0
DA:26,2
DA:27,0
DA:32,3
DA:33,3
DA:34,3
DA:35,3
DA:39,3
DA:40,3
DA:41,2
DA:42,2
DA:43,2
DA:45,2
DA:47,2
DA:48,2
DA:49,0
DA:50,0
DA:54,1
DA:55,1
DA:56,0
DA:61,1
DA:66,1
DA:69,2
DA:76,1
DA:78,1
DA:79,1
DA:80,0
DA:85,1
LF:40
LH:31
BRDA:10,0,0,0
BRDA:15,1,0,0
BRDA:19,2,0,0
BRDA:19,3,0,2
BRDA:19,3,1,2
BRDA:22,4,0,0
BRDA:22,5,0,2
BRDA:22,5,1,0
BRDA:26,6,0,0
BRDA:47,7,0,2
BRDA:47,7,1,0
BRDA:49,8,0,0
BRDA:55,9,0,0
BRDA:55,9,1,1
BRDA:58,10,0,0
BRDA:58,10,1,0
BRDA:79,11,0,0
BRDA:79,11,1,1
BRDA:82,12,0,0
BRDA:82,12,1,0
BRDA:87,13,0,1
BRDA:87,13,1,0
BRF:22
BRH:7
end_of_record
TN:
SF:src/infrastructure/entities/RequestLogEntity.ts
FNF:0
FNH:0
DA:1,0
DA:4,0
DA:6,0
DA:9,0
DA:12,0
DA:15,0
DA:18,0
DA:21,0
DA:24,0
LF:9
LH:0
BRF:0
BRH:0
end_of_record
TN:
SF:src/infrastructure/swagger/swagger.ts
FN:114,setupSwagger
FNF:1
FNH:0
FNDA:0,setupSwagger
DA:2,0
DA:4,0
DA:114,0
DA:115,0
LF:4
LH:0
BRF:0
BRH:0
end_of_record
